<?xml version="1.0" encoding="UTF-8"?>
<testsuite xmlns:xsi="http://www.w3.org/2001/XMLSchema-instance" xsi:noNamespaceSchemaLocation="https://maven.apache.org/surefire/maven-surefire-plugin/xsd/surefire-test-report.xsd" name="org.hank.AppTest" time="0.01" tests="1" errors="0" skipped="0" failures="0">
  <properties>
    <property name="sun.desktop" value="gnome"/>
    <property name="awt.toolkit" value="sun.awt.X11.XToolkit"/>
    <property name="file.encoding.pkg" value="sun.io"/>
    <property name="java.specification.version" value="1.8"/>
    <property name="sun.cpu.isalist" value=""/>
    <property name="sun.jnu.encoding" value="UTF-8"/>
    <property name="java.class.path" value="/home/hank/USTC-CS-Resources/CS/Parallel-Computing/lab/WordLengthCount/target/test-classes:/home/hank/USTC-CS-Resources/CS/Parallel-Computing/lab/WordLengthCount/target/classes:/home/hank/.m2/repository/junit/junit/4.11/junit-4.11.jar:/home/hank/.m2/repository/org/hamcrest/hamcrest-core/1.3/hamcrest-core-1.3.jar:/home/hank/.m2/repository/org/apache/hadoop/hadoop-common/3.2.2/hadoop-common-3.2.2.jar:/home/hank/.m2/repository/org/apache/hadoop/hadoop-annotations/3.2.2/hadoop-annotations-3.2.2.jar:/opt/jdk1.8.0_281/jre/../lib/tools.jar:/home/hank/.m2/repository/com/google/guava/guava/27.0-jre/guava-27.0-jre.jar:/home/hank/.m2/repository/com/google/guava/failureaccess/1.0/failureaccess-1.0.jar:/home/hank/.m2/repository/com/google/guava/listenablefuture/9999.0-empty-to-avoid-conflict-with-guava/listenablefuture-9999.0-empty-to-avoid-conflict-with-guava.jar:/home/hank/.m2/repository/org/checkerframework/checker-qual/2.5.2/checker-qual-2.5.2.jar:/home/hank/.m2/repository/com/google/errorprone/error_prone_annotations/2.2.0/error_prone_annotations-2.2.0.jar:/home/hank/.m2/repository/com/google/j2objc/j2objc-annotations/1.1/j2objc-annotations-1.1.jar:/home/hank/.m2/repository/org/codehaus/mojo/animal-sniffer-annotations/1.17/animal-sniffer-annotations-1.17.jar:/home/hank/.m2/repository/commons-cli/commons-cli/1.2/commons-cli-1.2.jar:/home/hank/.m2/repository/org/apache/commons/commons-math3/3.1.1/commons-math3-3.1.1.jar:/home/hank/.m2/repository/org/apache/httpcomponents/httpclient/4.5.13/httpclient-4.5.13.jar:/home/hank/.m2/repository/org/apache/httpcomponents/httpcore/4.4.13/httpcore-4.4.13.jar:/home/hank/.m2/repository/commons-codec/commons-codec/1.11/commons-codec-1.11.jar:/home/hank/.m2/repository/commons-io/commons-io/2.5/commons-io-2.5.jar:/home/hank/.m2/repository/commons-net/commons-net/3.6/commons-net-3.6.jar:/home/hank/.m2/repository/commons-collections/commons-collections/3.2.2/commons-collections-3.2.2.jar:/home/hank/.m2/repository/javax/servlet/javax.servlet-api/3.1.0/javax.servlet-api-3.1.0.jar:/home/hank/.m2/repository/javax/activation/javax.activation-api/1.2.0/javax.activation-api-1.2.0.jar:/home/hank/.m2/repository/org/eclipse/jetty/jetty-server/9.4.20.v20190813/jetty-server-9.4.20.v20190813.jar:/home/hank/.m2/repository/org/eclipse/jetty/jetty-http/9.4.20.v20190813/jetty-http-9.4.20.v20190813.jar:/home/hank/.m2/repository/org/eclipse/jetty/jetty-io/9.4.20.v20190813/jetty-io-9.4.20.v20190813.jar:/home/hank/.m2/repository/org/eclipse/jetty/jetty-util/9.4.20.v20190813/jetty-util-9.4.20.v20190813.jar:/home/hank/.m2/repository/org/eclipse/jetty/jetty-servlet/9.4.20.v20190813/jetty-servlet-9.4.20.v20190813.jar:/home/hank/.m2/repository/org/eclipse/jetty/jetty-security/9.4.20.v20190813/jetty-security-9.4.20.v20190813.jar:/home/hank/.m2/repository/org/eclipse/jetty/jetty-webapp/9.4.20.v20190813/jetty-webapp-9.4.20.v20190813.jar:/home/hank/.m2/repository/org/eclipse/jetty/jetty-xml/9.4.20.v20190813/jetty-xml-9.4.20.v20190813.jar:/home/hank/.m2/repository/javax/servlet/jsp/jsp-api/2.1/jsp-api-2.1.jar:/home/hank/.m2/repository/com/sun/jersey/jersey-core/1.19/jersey-core-1.19.jar:/home/hank/.m2/repository/javax/ws/rs/jsr311-api/1.1.1/jsr311-api-1.1.1.jar:/home/hank/.m2/repository/com/sun/jersey/jersey-servlet/1.19/jersey-servlet-1.19.jar:/home/hank/.m2/repository/com/sun/jersey/jersey-json/1.19/jersey-json-1.19.jar:/home/hank/.m2/repository/org/codehaus/jettison/jettison/1.1/jettison-1.1.jar:/home/hank/.m2/repository/com/sun/xml/bind/jaxb-impl/2.2.3-1/jaxb-impl-2.2.3-1.jar:/home/hank/.m2/repository/org/codehaus/jackson/jackson-core-asl/1.9.2/jackson-core-asl-1.9.2.jar:/home/hank/.m2/repository/org/codehaus/jackson/jackson-mapper-asl/1.9.2/jackson-mapper-asl-1.9.2.jar:/home/hank/.m2/repository/org/codehaus/jackson/jackson-jaxrs/1.9.2/jackson-jaxrs-1.9.2.jar:/home/hank/.m2/repository/org/codehaus/jackson/jackson-xc/1.9.2/jackson-xc-1.9.2.jar:/home/hank/.m2/repository/com/sun/jersey/jersey-server/1.19/jersey-server-1.19.jar:/home/hank/.m2/repository/commons-logging/commons-logging/1.1.3/commons-logging-1.1.3.jar:/home/hank/.m2/repository/log4j/log4j/1.2.17/log4j-1.2.17.jar:/home/hank/.m2/repository/commons-beanutils/commons-beanutils/1.9.4/commons-beanutils-1.9.4.jar:/home/hank/.m2/repository/org/apache/commons/commons-configuration2/2.1.1/commons-configuration2-2.1.1.jar:/home/hank/.m2/repository/org/apache/commons/commons-lang3/3.7/commons-lang3-3.7.jar:/home/hank/.m2/repository/org/apache/commons/commons-text/1.4/commons-text-1.4.jar:/home/hank/.m2/repository/org/slf4j/slf4j-api/1.7.25/slf4j-api-1.7.25.jar:/home/hank/.m2/repository/org/slf4j/slf4j-log4j12/1.7.25/slf4j-log4j12-1.7.25.jar:/home/hank/.m2/repository/org/apache/avro/avro/1.7.7/avro-1.7.7.jar:/home/hank/.m2/repository/com/thoughtworks/paranamer/paranamer/2.3/paranamer-2.3.jar:/home/hank/.m2/repository/org/xerial/snappy/snappy-java/1.0.5/snappy-java-1.0.5.jar:/home/hank/.m2/repository/com/google/re2j/re2j/1.1/re2j-1.1.jar:/home/hank/.m2/repository/com/google/protobuf/protobuf-java/2.5.0/protobuf-java-2.5.0.jar:/home/hank/.m2/repository/com/google/code/gson/gson/2.2.4/gson-2.2.4.jar:/home/hank/.m2/repository/org/apache/hadoop/hadoop-auth/3.2.2/hadoop-auth-3.2.2.jar:/home/hank/.m2/repository/com/nimbusds/nimbus-jose-jwt/7.9/nimbus-jose-jwt-7.9.jar:/home/hank/.m2/repository/com/github/stephenc/jcip/jcip-annotations/1.0-1/jcip-annotations-1.0-1.jar:/home/hank/.m2/repository/net/minidev/json-smart/2.3/json-smart-2.3.jar:/home/hank/.m2/repository/net/minidev/accessors-smart/1.2/accessors-smart-1.2.jar:/home/hank/.m2/repository/org/ow2/asm/asm/5.0.4/asm-5.0.4.jar:/home/hank/.m2/repository/org/apache/curator/curator-framework/2.13.0/curator-framework-2.13.0.jar:/home/hank/.m2/repository/com/jcraft/jsch/0.1.55/jsch-0.1.55.jar:/home/hank/.m2/repository/org/apache/curator/curator-client/2.13.0/curator-client-2.13.0.jar:/home/hank/.m2/repository/org/apache/curator/curator-recipes/2.13.0/curator-recipes-2.13.0.jar:/home/hank/.m2/repository/com/google/code/findbugs/jsr305/3.0.2/jsr305-3.0.2.jar:/home/hank/.m2/repository/org/apache/htrace/htrace-core4/4.1.0-incubating/htrace-core4-4.1.0-incubating.jar:/home/hank/.m2/repository/org/apache/zookeeper/zookeeper/3.4.13/zookeeper-3.4.13.jar:/home/hank/.m2/repository/jline/jline/0.9.94/jline-0.9.94.jar:/home/hank/.m2/repository/org/apache/yetus/audience-annotations/0.5.0/audience-annotations-0.5.0.jar:/home/hank/.m2/repository/org/apache/commons/commons-compress/1.19/commons-compress-1.19.jar:/home/hank/.m2/repository/org/apache/kerby/kerb-simplekdc/1.0.1/kerb-simplekdc-1.0.1.jar:/home/hank/.m2/repository/org/apache/kerby/kerb-client/1.0.1/kerb-client-1.0.1.jar:/home/hank/.m2/repository/org/apache/kerby/kerby-config/1.0.1/kerby-config-1.0.1.jar:/home/hank/.m2/repository/org/apache/kerby/kerb-core/1.0.1/kerb-core-1.0.1.jar:/home/hank/.m2/repository/org/apache/kerby/kerby-pkix/1.0.1/kerby-pkix-1.0.1.jar:/home/hank/.m2/repository/org/apache/kerby/kerby-asn1/1.0.1/kerby-asn1-1.0.1.jar:/home/hank/.m2/repository/org/apache/kerby/kerby-util/1.0.1/kerby-util-1.0.1.jar:/home/hank/.m2/repository/org/apache/kerby/kerb-common/1.0.1/kerb-common-1.0.1.jar:/home/hank/.m2/repository/org/apache/kerby/kerb-crypto/1.0.1/kerb-crypto-1.0.1.jar:/home/hank/.m2/repository/org/apache/kerby/kerb-util/1.0.1/kerb-util-1.0.1.jar:/home/hank/.m2/repository/org/apache/kerby/token-provider/1.0.1/token-provider-1.0.1.jar:/home/hank/.m2/repository/org/apache/kerby/kerb-admin/1.0.1/kerb-admin-1.0.1.jar:/home/hank/.m2/repository/org/apache/kerby/kerb-server/1.0.1/kerb-server-1.0.1.jar:/home/hank/.m2/repository/org/apache/kerby/kerb-identity/1.0.1/kerb-identity-1.0.1.jar:/home/hank/.m2/repository/org/apache/kerby/kerby-xdr/1.0.1/kerby-xdr-1.0.1.jar:/home/hank/.m2/repository/com/fasterxml/jackson/core/jackson-databind/2.9.10.4/jackson-databind-2.9.10.4.jar:/home/hank/.m2/repository/com/fasterxml/jackson/core/jackson-annotations/2.9.10/jackson-annotations-2.9.10.jar:/home/hank/.m2/repository/com/fasterxml/jackson/core/jackson-core/2.9.10/jackson-core-2.9.10.jar:/home/hank/.m2/repository/org/codehaus/woodstox/stax2-api/3.1.4/stax2-api-3.1.4.jar:/home/hank/.m2/repository/com/fasterxml/woodstox/woodstox-core/5.0.3/woodstox-core-5.0.3.jar:/home/hank/.m2/repository/dnsjava/dnsjava/2.1.7/dnsjava-2.1.7.jar:/home/hank/.m2/repository/org/apache/hadoop/hadoop-hdfs/3.2.2/hadoop-hdfs-3.2.2.jar:/home/hank/.m2/repository/org/eclipse/jetty/jetty-util-ajax/9.4.20.v20190813/jetty-util-ajax-9.4.20.v20190813.jar:/home/hank/.m2/repository/commons-daemon/commons-daemon/1.0.13/commons-daemon-1.0.13.jar:/home/hank/.m2/repository/io/netty/netty/3.10.6.Final/netty-3.10.6.Final.jar:/home/hank/.m2/repository/io/netty/netty-all/4.1.48.Final/netty-all-4.1.48.Final.jar:/home/hank/.m2/repository/org/fusesource/leveldbjni/leveldbjni-all/1.8/leveldbjni-all-1.8.jar:/home/hank/.m2/repository/org/apache/hadoop/hadoop-mapreduce-client-core/3.2.2/hadoop-mapreduce-client-core-3.2.2.jar:/home/hank/.m2/repository/org/apache/hadoop/hadoop-yarn-client/3.2.2/hadoop-yarn-client-3.2.2.jar:/home/hank/.m2/repository/org/apache/hadoop/hadoop-yarn-api/3.2.2/hadoop-yarn-api-3.2.2.jar:/home/hank/.m2/repository/org/apache/hadoop/hadoop-yarn-common/3.2.2/hadoop-yarn-common-3.2.2.jar:/home/hank/.m2/repository/javax/xml/bind/jaxb-api/2.2.11/jaxb-api-2.2.11.jar:/home/hank/.m2/repository/com/sun/jersey/jersey-client/1.19/jersey-client-1.19.jar:/home/hank/.m2/repository/com/google/inject/guice/4.0/guice-4.0.jar:/home/hank/.m2/repository/javax/inject/javax.inject/1/javax.inject-1.jar:/home/hank/.m2/repository/aopalliance/aopalliance/1.0/aopalliance-1.0.jar:/home/hank/.m2/repository/com/sun/jersey/contribs/jersey-guice/1.19/jersey-guice-1.19.jar:/home/hank/.m2/repository/com/fasterxml/jackson/module/jackson-module-jaxb-annotations/2.9.10/jackson-module-jaxb-annotations-2.9.10.jar:/home/hank/.m2/repository/com/fasterxml/jackson/jaxrs/jackson-jaxrs-json-provider/2.9.10/jackson-jaxrs-json-provider-2.9.10.jar:/home/hank/.m2/repository/com/fasterxml/jackson/jaxrs/jackson-jaxrs-base/2.9.10/jackson-jaxrs-base-2.9.10.jar:/home/hank/.m2/repository/org/apache/hadoop/hadoop-hdfs-client/3.2.2/hadoop-hdfs-client-3.2.2.jar:/home/hank/.m2/repository/com/squareup/okhttp/okhttp/2.7.5/okhttp-2.7.5.jar:/home/hank/.m2/repository/com/squareup/okio/okio/1.6.0/okio-1.6.0.jar:/home/hank/.m2/repository/com/google/inject/extensions/guice-servlet/4.0/guice-servlet-4.0.jar:/home/hank/.m2/repository/org/apache/hadoop/hadoop-mapreduce-client-common/3.2.2/hadoop-mapreduce-client-common-3.2.2.jar:/home/hank/.m2/repository/org/apache/hadoop/hadoop-mapreduce-client-shuffle/3.2.2/hadoop-mapreduce-client-shuffle-3.2.2.jar:/home/hank/.m2/repository/org/apache/hadoop/hadoop-yarn-server-common/3.2.2/hadoop-yarn-server-common-3.2.2.jar:/home/hank/.m2/repository/org/apache/hadoop/hadoop-yarn-registry/3.2.2/hadoop-yarn-registry-3.2.2.jar:/home/hank/.m2/repository/org/apache/geronimo/specs/geronimo-jcache_1.0_spec/1.0-alpha-1/geronimo-jcache_1.0_spec-1.0-alpha-1.jar:/home/hank/.m2/repository/org/ehcache/ehcache/3.3.1/ehcache-3.3.1.jar:/home/hank/.m2/repository/com/zaxxer/HikariCP-java7/2.4.12/HikariCP-java7-2.4.12.jar:/home/hank/.m2/repository/org/apache/hadoop/hadoop-yarn-server-nodemanager/3.2.2/hadoop-yarn-server-nodemanager-3.2.2.jar:/home/hank/.m2/repository/io/dropwizard/metrics/metrics-core/3.2.4/metrics-core-3.2.4.jar:/home/hank/.m2/repository/org/apache/hadoop/hadoop-mapreduce-client-jobclient/3.2.2/hadoop-mapreduce-client-jobclient-3.2.2.jar:/home/hank/.m2/repository/org/apache/logging/log4j/log4j-core/2.14.1/log4j-core-2.14.1.jar:/home/hank/.m2/repository/org/apache/logging/log4j/log4j-api/2.14.1/log4j-api-2.14.1.jar:"/>
    <property name="java.vm.vendor" value="Oracle Corporation"/>
    <property name="sun.arch.data.model" value="64"/>
    <property name="java.vendor.url" value="http://java.oracle.com/"/>
    <property name="user.timezone" value=""/>
    <property name="java.vm.specification.version" value="1.8"/>
    <property name="os.name" value="Linux"/>
    <property name="user.country" value="CN"/>
    <property name="sun.java.launcher" value="SUN_STANDARD"/>
    <property name="sun.boot.library.path" value="/opt/jdk1.8.0_281/jre/lib/amd64"/>
    <property name="sun.java.command" value="/home/hank/USTC-CS-Resources/CS/Parallel-Computing/lab/WordLengthCount/target/surefire/surefirebooter7985488179755082074.jar /home/hank/USTC-CS-Resources/CS/Parallel-Computing/lab/WordLengthCount/target/surefire 2021-05-28T20-58-32_809-jvmRun1 surefire3046796871076623200tmp surefire_04219508773269595939tmp"/>
    <property name="surefire.test.class.path" value="/home/hank/USTC-CS-Resources/CS/Parallel-Computing/lab/WordLengthCount/target/test-classes:/home/hank/USTC-CS-Resources/CS/Parallel-Computing/lab/WordLengthCount/target/classes:/home/hank/.m2/repository/junit/junit/4.11/junit-4.11.jar:/home/hank/.m2/repository/org/hamcrest/hamcrest-core/1.3/hamcrest-core-1.3.jar:/home/hank/.m2/repository/org/apache/hadoop/hadoop-common/3.2.2/hadoop-common-3.2.2.jar:/home/hank/.m2/repository/org/apache/hadoop/hadoop-annotations/3.2.2/hadoop-annotations-3.2.2.jar:/opt/jdk1.8.0_281/jre/../lib/tools.jar:/home/hank/.m2/repository/com/google/guava/guava/27.0-jre/guava-27.0-jre.jar:/home/hank/.m2/repository/com/google/guava/failureaccess/1.0/failureaccess-1.0.jar:/home/hank/.m2/repository/com/google/guava/listenablefuture/9999.0-empty-to-avoid-conflict-with-guava/listenablefuture-9999.0-empty-to-avoid-conflict-with-guava.jar:/home/hank/.m2/repository/org/checkerframework/checker-qual/2.5.2/checker-qual-2.5.2.jar:/home/hank/.m2/repository/com/google/errorprone/error_prone_annotations/2.2.0/error_prone_annotations-2.2.0.jar:/home/hank/.m2/repository/com/google/j2objc/j2objc-annotations/1.1/j2objc-annotations-1.1.jar:/home/hank/.m2/repository/org/codehaus/mojo/animal-sniffer-annotations/1.17/animal-sniffer-annotations-1.17.jar:/home/hank/.m2/repository/commons-cli/commons-cli/1.2/commons-cli-1.2.jar:/home/hank/.m2/repository/org/apache/commons/commons-math3/3.1.1/commons-math3-3.1.1.jar:/home/hank/.m2/repository/org/apache/httpcomponents/httpclient/4.5.13/httpclient-4.5.13.jar:/home/hank/.m2/repository/org/apache/httpcomponents/httpcore/4.4.13/httpcore-4.4.13.jar:/home/hank/.m2/repository/commons-codec/commons-codec/1.11/commons-codec-1.11.jar:/home/hank/.m2/repository/commons-io/commons-io/2.5/commons-io-2.5.jar:/home/hank/.m2/repository/commons-net/commons-net/3.6/commons-net-3.6.jar:/home/hank/.m2/repository/commons-collections/commons-collections/3.2.2/commons-collections-3.2.2.jar:/home/hank/.m2/repository/javax/servlet/javax.servlet-api/3.1.0/javax.servlet-api-3.1.0.jar:/home/hank/.m2/repository/javax/activation/javax.activation-api/1.2.0/javax.activation-api-1.2.0.jar:/home/hank/.m2/repository/org/eclipse/jetty/jetty-server/9.4.20.v20190813/jetty-server-9.4.20.v20190813.jar:/home/hank/.m2/repository/org/eclipse/jetty/jetty-http/9.4.20.v20190813/jetty-http-9.4.20.v20190813.jar:/home/hank/.m2/repository/org/eclipse/jetty/jetty-io/9.4.20.v20190813/jetty-io-9.4.20.v20190813.jar:/home/hank/.m2/repository/org/eclipse/jetty/jetty-util/9.4.20.v20190813/jetty-util-9.4.20.v20190813.jar:/home/hank/.m2/repository/org/eclipse/jetty/jetty-servlet/9.4.20.v20190813/jetty-servlet-9.4.20.v20190813.jar:/home/hank/.m2/repository/org/eclipse/jetty/jetty-security/9.4.20.v20190813/jetty-security-9.4.20.v20190813.jar:/home/hank/.m2/repository/org/eclipse/jetty/jetty-webapp/9.4.20.v20190813/jetty-webapp-9.4.20.v20190813.jar:/home/hank/.m2/repository/org/eclipse/jetty/jetty-xml/9.4.20.v20190813/jetty-xml-9.4.20.v20190813.jar:/home/hank/.m2/repository/javax/servlet/jsp/jsp-api/2.1/jsp-api-2.1.jar:/home/hank/.m2/repository/com/sun/jersey/jersey-core/1.19/jersey-core-1.19.jar:/home/hank/.m2/repository/javax/ws/rs/jsr311-api/1.1.1/jsr311-api-1.1.1.jar:/home/hank/.m2/repository/com/sun/jersey/jersey-servlet/1.19/jersey-servlet-1.19.jar:/home/hank/.m2/repository/com/sun/jersey/jersey-json/1.19/jersey-json-1.19.jar:/home/hank/.m2/repository/org/codehaus/jettison/jettison/1.1/jettison-1.1.jar:/home/hank/.m2/repository/com/sun/xml/bind/jaxb-impl/2.2.3-1/jaxb-impl-2.2.3-1.jar:/home/hank/.m2/repository/org/codehaus/jackson/jackson-core-asl/1.9.2/jackson-core-asl-1.9.2.jar:/home/hank/.m2/repository/org/codehaus/jackson/jackson-mapper-asl/1.9.2/jackson-mapper-asl-1.9.2.jar:/home/hank/.m2/repository/org/codehaus/jackson/jackson-jaxrs/1.9.2/jackson-jaxrs-1.9.2.jar:/home/hank/.m2/repository/org/codehaus/jackson/jackson-xc/1.9.2/jackson-xc-1.9.2.jar:/home/hank/.m2/repository/com/sun/jersey/jersey-server/1.19/jersey-server-1.19.jar:/home/hank/.m2/repository/commons-logging/commons-logging/1.1.3/commons-logging-1.1.3.jar:/home/hank/.m2/repository/log4j/log4j/1.2.17/log4j-1.2.17.jar:/home/hank/.m2/repository/commons-beanutils/commons-beanutils/1.9.4/commons-beanutils-1.9.4.jar:/home/hank/.m2/repository/org/apache/commons/commons-configuration2/2.1.1/commons-configuration2-2.1.1.jar:/home/hank/.m2/repository/org/apache/commons/commons-lang3/3.7/commons-lang3-3.7.jar:/home/hank/.m2/repository/org/apache/commons/commons-text/1.4/commons-text-1.4.jar:/home/hank/.m2/repository/org/slf4j/slf4j-api/1.7.25/slf4j-api-1.7.25.jar:/home/hank/.m2/repository/org/slf4j/slf4j-log4j12/1.7.25/slf4j-log4j12-1.7.25.jar:/home/hank/.m2/repository/org/apache/avro/avro/1.7.7/avro-1.7.7.jar:/home/hank/.m2/repository/com/thoughtworks/paranamer/paranamer/2.3/paranamer-2.3.jar:/home/hank/.m2/repository/org/xerial/snappy/snappy-java/1.0.5/snappy-java-1.0.5.jar:/home/hank/.m2/repository/com/google/re2j/re2j/1.1/re2j-1.1.jar:/home/hank/.m2/repository/com/google/protobuf/protobuf-java/2.5.0/protobuf-java-2.5.0.jar:/home/hank/.m2/repository/com/google/code/gson/gson/2.2.4/gson-2.2.4.jar:/home/hank/.m2/repository/org/apache/hadoop/hadoop-auth/3.2.2/hadoop-auth-3.2.2.jar:/home/hank/.m2/repository/com/nimbusds/nimbus-jose-jwt/7.9/nimbus-jose-jwt-7.9.jar:/home/hank/.m2/repository/com/github/stephenc/jcip/jcip-annotations/1.0-1/jcip-annotations-1.0-1.jar:/home/hank/.m2/repository/net/minidev/json-smart/2.3/json-smart-2.3.jar:/home/hank/.m2/repository/net/minidev/accessors-smart/1.2/accessors-smart-1.2.jar:/home/hank/.m2/repository/org/ow2/asm/asm/5.0.4/asm-5.0.4.jar:/home/hank/.m2/repository/org/apache/curator/curator-framework/2.13.0/curator-framework-2.13.0.jar:/home/hank/.m2/repository/com/jcraft/jsch/0.1.55/jsch-0.1.55.jar:/home/hank/.m2/repository/org/apache/curator/curator-client/2.13.0/curator-client-2.13.0.jar:/home/hank/.m2/repository/org/apache/curator/curator-recipes/2.13.0/curator-recipes-2.13.0.jar:/home/hank/.m2/repository/com/google/code/findbugs/jsr305/3.0.2/jsr305-3.0.2.jar:/home/hank/.m2/repository/org/apache/htrace/htrace-core4/4.1.0-incubating/htrace-core4-4.1.0-incubating.jar:/home/hank/.m2/repository/org/apache/zookeeper/zookeeper/3.4.13/zookeeper-3.4.13.jar:/home/hank/.m2/repository/jline/jline/0.9.94/jline-0.9.94.jar:/home/hank/.m2/repository/org/apache/yetus/audience-annotations/0.5.0/audience-annotations-0.5.0.jar:/home/hank/.m2/repository/org/apache/commons/commons-compress/1.19/commons-compress-1.19.jar:/home/hank/.m2/repository/org/apache/kerby/kerb-simplekdc/1.0.1/kerb-simplekdc-1.0.1.jar:/home/hank/.m2/repository/org/apache/kerby/kerb-client/1.0.1/kerb-client-1.0.1.jar:/home/hank/.m2/repository/org/apache/kerby/kerby-config/1.0.1/kerby-config-1.0.1.jar:/home/hank/.m2/repository/org/apache/kerby/kerb-core/1.0.1/kerb-core-1.0.1.jar:/home/hank/.m2/repository/org/apache/kerby/kerby-pkix/1.0.1/kerby-pkix-1.0.1.jar:/home/hank/.m2/repository/org/apache/kerby/kerby-asn1/1.0.1/kerby-asn1-1.0.1.jar:/home/hank/.m2/repository/org/apache/kerby/kerby-util/1.0.1/kerby-util-1.0.1.jar:/home/hank/.m2/repository/org/apache/kerby/kerb-common/1.0.1/kerb-common-1.0.1.jar:/home/hank/.m2/repository/org/apache/kerby/kerb-crypto/1.0.1/kerb-crypto-1.0.1.jar:/home/hank/.m2/repository/org/apache/kerby/kerb-util/1.0.1/kerb-util-1.0.1.jar:/home/hank/.m2/repository/org/apache/kerby/token-provider/1.0.1/token-provider-1.0.1.jar:/home/hank/.m2/repository/org/apache/kerby/kerb-admin/1.0.1/kerb-admin-1.0.1.jar:/home/hank/.m2/repository/org/apache/kerby/kerb-server/1.0.1/kerb-server-1.0.1.jar:/home/hank/.m2/repository/org/apache/kerby/kerb-identity/1.0.1/kerb-identity-1.0.1.jar:/home/hank/.m2/repository/org/apache/kerby/kerby-xdr/1.0.1/kerby-xdr-1.0.1.jar:/home/hank/.m2/repository/com/fasterxml/jackson/core/jackson-databind/2.9.10.4/jackson-databind-2.9.10.4.jar:/home/hank/.m2/repository/com/fasterxml/jackson/core/jackson-annotations/2.9.10/jackson-annotations-2.9.10.jar:/home/hank/.m2/repository/com/fasterxml/jackson/core/jackson-core/2.9.10/jackson-core-2.9.10.jar:/home/hank/.m2/repository/org/codehaus/woodstox/stax2-api/3.1.4/stax2-api-3.1.4.jar:/home/hank/.m2/repository/com/fasterxml/woodstox/woodstox-core/5.0.3/woodstox-core-5.0.3.jar:/home/hank/.m2/repository/dnsjava/dnsjava/2.1.7/dnsjava-2.1.7.jar:/home/hank/.m2/repository/org/apache/hadoop/hadoop-hdfs/3.2.2/hadoop-hdfs-3.2.2.jar:/home/hank/.m2/repository/org/eclipse/jetty/jetty-util-ajax/9.4.20.v20190813/jetty-util-ajax-9.4.20.v20190813.jar:/home/hank/.m2/repository/commons-daemon/commons-daemon/1.0.13/commons-daemon-1.0.13.jar:/home/hank/.m2/repository/io/netty/netty/3.10.6.Final/netty-3.10.6.Final.jar:/home/hank/.m2/repository/io/netty/netty-all/4.1.48.Final/netty-all-4.1.48.Final.jar:/home/hank/.m2/repository/org/fusesource/leveldbjni/leveldbjni-all/1.8/leveldbjni-all-1.8.jar:/home/hank/.m2/repository/org/apache/hadoop/hadoop-mapreduce-client-core/3.2.2/hadoop-mapreduce-client-core-3.2.2.jar:/home/hank/.m2/repository/org/apache/hadoop/hadoop-yarn-client/3.2.2/hadoop-yarn-client-3.2.2.jar:/home/hank/.m2/repository/org/apache/hadoop/hadoop-yarn-api/3.2.2/hadoop-yarn-api-3.2.2.jar:/home/hank/.m2/repository/org/apache/hadoop/hadoop-yarn-common/3.2.2/hadoop-yarn-common-3.2.2.jar:/home/hank/.m2/repository/javax/xml/bind/jaxb-api/2.2.11/jaxb-api-2.2.11.jar:/home/hank/.m2/repository/com/sun/jersey/jersey-client/1.19/jersey-client-1.19.jar:/home/hank/.m2/repository/com/google/inject/guice/4.0/guice-4.0.jar:/home/hank/.m2/repository/javax/inject/javax.inject/1/javax.inject-1.jar:/home/hank/.m2/repository/aopalliance/aopalliance/1.0/aopalliance-1.0.jar:/home/hank/.m2/repository/com/sun/jersey/contribs/jersey-guice/1.19/jersey-guice-1.19.jar:/home/hank/.m2/repository/com/fasterxml/jackson/module/jackson-module-jaxb-annotations/2.9.10/jackson-module-jaxb-annotations-2.9.10.jar:/home/hank/.m2/repository/com/fasterxml/jackson/jaxrs/jackson-jaxrs-json-provider/2.9.10/jackson-jaxrs-json-provider-2.9.10.jar:/home/hank/.m2/repository/com/fasterxml/jackson/jaxrs/jackson-jaxrs-base/2.9.10/jackson-jaxrs-base-2.9.10.jar:/home/hank/.m2/repository/org/apache/hadoop/hadoop-hdfs-client/3.2.2/hadoop-hdfs-client-3.2.2.jar:/home/hank/.m2/repository/com/squareup/okhttp/okhttp/2.7.5/okhttp-2.7.5.jar:/home/hank/.m2/repository/com/squareup/okio/okio/1.6.0/okio-1.6.0.jar:/home/hank/.m2/repository/com/google/inject/extensions/guice-servlet/4.0/guice-servlet-4.0.jar:/home/hank/.m2/repository/org/apache/hadoop/hadoop-mapreduce-client-common/3.2.2/hadoop-mapreduce-client-common-3.2.2.jar:/home/hank/.m2/repository/org/apache/hadoop/hadoop-mapreduce-client-shuffle/3.2.2/hadoop-mapreduce-client-shuffle-3.2.2.jar:/home/hank/.m2/repository/org/apache/hadoop/hadoop-yarn-server-common/3.2.2/hadoop-yarn-server-common-3.2.2.jar:/home/hank/.m2/repository/org/apache/hadoop/hadoop-yarn-registry/3.2.2/hadoop-yarn-registry-3.2.2.jar:/home/hank/.m2/repository/org/apache/geronimo/specs/geronimo-jcache_1.0_spec/1.0-alpha-1/geronimo-jcache_1.0_spec-1.0-alpha-1.jar:/home/hank/.m2/repository/org/ehcache/ehcache/3.3.1/ehcache-3.3.1.jar:/home/hank/.m2/repository/com/zaxxer/HikariCP-java7/2.4.12/HikariCP-java7-2.4.12.jar:/home/hank/.m2/repository/org/apache/hadoop/hadoop-yarn-server-nodemanager/3.2.2/hadoop-yarn-server-nodemanager-3.2.2.jar:/home/hank/.m2/repository/io/dropwizard/metrics/metrics-core/3.2.4/metrics-core-3.2.4.jar:/home/hank/.m2/repository/org/apache/hadoop/hadoop-mapreduce-client-jobclient/3.2.2/hadoop-mapreduce-client-jobclient-3.2.2.jar:/home/hank/.m2/repository/org/apache/logging/log4j/log4j-core/2.14.1/log4j-core-2.14.1.jar:/home/hank/.m2/repository/org/apache/logging/log4j/log4j-api/2.14.1/log4j-api-2.14.1.jar:"/>
    <property name="sun.cpu.endian" value="little"/>
    <property name="user.home" value="/home/hank"/>
    <property name="user.language" value="zh"/>
    <property name="java.specification.vendor" value="Oracle Corporation"/>
    <property name="java.home" value="/opt/jdk1.8.0_281/jre"/>
    <property name="basedir" value="/home/hank/USTC-CS-Resources/CS/Parallel-Computing/lab/WordLengthCount"/>
    <property name="file.separator" value="/"/>
    <property name="line.separator" value="&#10;"/>
    <property name="java.vm.specification.vendor" value="Oracle Corporation"/>
    <property name="java.specification.name" value="Java Platform API Specification"/>
    <property name="java.awt.graphicsenv" value="sun.awt.X11GraphicsEnvironment"/>
    <property name="surefire.real.class.path" value="/home/hank/USTC-CS-Resources/CS/Parallel-Computing/lab/WordLengthCount/target/surefire/surefirebooter7985488179755082074.jar"/>
    <property name="sun.boot.class.path" value="/opt/jdk1.8.0_281/jre/lib/resources.jar:/opt/jdk1.8.0_281/jre/lib/rt.jar:/opt/jdk1.8.0_281/jre/lib/sunrsasign.jar:/opt/jdk1.8.0_281/jre/lib/jsse.jar:/opt/jdk1.8.0_281/jre/lib/jce.jar:/opt/jdk1.8.0_281/jre/lib/charsets.jar:/opt/jdk1.8.0_281/jre/lib/jfr.jar:/opt/jdk1.8.0_281/jre/classes"/>
    <property name="sun.management.compiler" value="HotSpot 64-Bit Tiered Compilers"/>
    <property name="java.runtime.version" value="1.8.0_281-b09"/>
    <property name="user.name" value="hank"/>
    <property name="path.separator" value=":"/>
    <property name="os.version" value="5.8.0-50-generic"/>
    <property name="java.endorsed.dirs" value="/opt/jdk1.8.0_281/jre/lib/endorsed"/>
    <property name="java.runtime.name" value="Java(TM) SE Runtime Environment"/>
    <property name="file.encoding" value="UTF-8"/>
    <property name="java.vm.name" value="Java HotSpot(TM) 64-Bit Server VM"/>
    <property name="localRepository" value="/home/hank/.m2/repository"/>
    <property name="java.vendor.url.bug" value="http://bugreport.sun.com/bugreport/"/>
    <property name="java.io.tmpdir" value="/tmp"/>
    <property name="java.version" value="1.8.0_281"/>
    <property name="user.dir" value="/home/hank/USTC-CS-Resources/CS/Parallel-Computing/lab/WordLengthCount"/>
    <property name="os.arch" value="amd64"/>
    <property name="java.vm.specification.name" value="Java Virtual Machine Specification"/>
    <property name="java.awt.printerjob" value="sun.print.PSPrinterJob"/>
    <property name="sun.os.patch.level" value="unknown"/>
    <property name="java.library.path" value="/opt/mpich-3.0.4/lib:/opt/mpich-3.0.4/lib::/usr/java/packages/lib/amd64:/usr/lib64:/lib64:/lib:/usr/lib"/>
    <property name="java.vm.info" value="mixed mode"/>
    <property name="java.vendor" value="Oracle Corporation"/>
    <property name="java.vm.version" value="25.281-b09"/>
    <property name="java.ext.dirs" value="/opt/jdk1.8.0_281/jre/lib/ext:/usr/java/packages/lib/ext"/>
    <property name="sun.io.unicode.encoding" value="UnicodeLittle"/>
    <property name="java.class.version" value="52.0"/>
  </properties>
  <testcase name="shouldAnswerWithTrue" classname="org.hank.AppTest" time="0.001"/>
</testsuite>